{
  "stats": {
    "suites": 1,
    "tests": 12,
    "passes": 11,
    "pending": 0,
    "failures": 1,
    "start": "2024-09-05T15:07:55.107Z",
    "end": "2024-09-05T15:08:09.788Z",
    "duration": 14681,
    "testsRegistered": 12,
    "passPercent": 91.66666666666666,
    "pendingPercent": 0,
    "other": 0,
    "hasOther": false,
    "skipped": 0,
    "hasSkipped": false
  },
  "results": [
    {
      "uuid": "50fbd1b3-8b22-4a9b-af77-2a44b3327969",
      "title": "",
      "fullFile": "cypress\\e2e\\Login\\Signup.cy.js",
      "file": "cypress\\e2e\\Login\\Signup.cy.js",
      "beforeHooks": [],
      "afterHooks": [],
      "tests": [],
      "suites": [
        {
          "uuid": "f3adfc54-4c82-48c8-ba82-dfd5ed411835",
          "title": "Testing the signup page",
          "fullFile": "",
          "file": "",
          "beforeHooks": [],
          "afterHooks": [],
          "tests": [
            {
              "title": "Open the signup page from the Login button",
              "fullTitle": "Testing the signup page Open the signup page from the Login button",
              "timedOut": null,
              "duration": 5270,
              "state": "failed",
              "speed": null,
              "pass": false,
              "fail": true,
              "pending": false,
              "context": null,
              "code": "cy.get(loginLogoutButton).click();\ncy.get(signupLink).click();\ncy.url().should('eq', '/signup');",
              "err": {
                "message": "AssertionError: Timed out retrying after 4000ms: expected 'http://localhost:3001/login' to equal '/signup'",
                "estack": "AssertionError: Timed out retrying after 4000ms: expected 'http://localhost:3001/login' to equal '/signup'\n    at Context.eval (webpack://frontend/./cypress/e2e/Login/Signup.cy.js:31:17)",
                "diff": "- 'http://localhost:3001/login'\n+ '/signup'\n"
              },
              "uuid": "c3dbcfd7-b8a7-48b4-b9aa-052f5ea69b9a",
              "parentUUID": "f3adfc54-4c82-48c8-ba82-dfd5ed411835",
              "isHook": false,
              "skipped": false
            },
            {
              "title": "The signup page is displayed correctly",
              "fullTitle": "Testing the signup page The signup page is displayed correctly",
              "timedOut": null,
              "duration": 286,
              "state": "passed",
              "speed": "fast",
              "pass": true,
              "fail": false,
              "pending": false,
              "context": null,
              "code": "cy.get(loginLogoutButton).click();\ncy.get(signupLink).click();\ncy.get(signupTitle).should('exist').and('be.visible');\ncy.get(signupTitle).contains('Sign Up');\ncy.get(inputUsername).should('exist').and('be.visible');\ncy.get(inputUsername).should('have.attr', 'placeholder', 'Username...');\ncy.get(inputEmail).should('exist').and('be.visible');\ncy.get(inputEmail).should('have.attr', 'placeholder', 'Email...');\ncy.get(inputPassword).should('exist').and('be.visible');\ncy.get(inputPassword).should('have.attr', 'placeholder', 'Password...');\ncy.get(signUpButton).should('exist').and('be.visible');\ncy.get(signUpButton).contains('Sign Up');\ncy.get(loginSignupText).should('exist').and('be.visible');\ncy.get(loginSignupText).contains('Hai gia un account?');",
              "err": {},
              "uuid": "0b1fe523-7b2f-440a-8d92-7932db709e07",
              "parentUUID": "f3adfc54-4c82-48c8-ba82-dfd5ed411835",
              "isHook": false,
              "skipped": false
            },
            {
              "title": "Click Sign Up without enter username, email and password",
              "fullTitle": "Testing the signup page Click Sign Up without enter username, email and password",
              "timedOut": null,
              "duration": 326,
              "state": "passed",
              "speed": "fast",
              "pass": true,
              "fail": false,
              "pending": false,
              "context": null,
              "code": "cy.get(loginLogoutButton).click();\ncy.get(signupLink).click();\ncy.get(signUpButton).click();\ncy.get(errorMessage).should('exist').and('be.visible');\ncy.get(errorMessage).contains('Il campo username non può essere vuoto');",
              "err": {},
              "uuid": "cbcb99cc-a6fd-49bf-961e-545e6b26ee8f",
              "parentUUID": "f3adfc54-4c82-48c8-ba82-dfd5ed411835",
              "isHook": false,
              "skipped": false
            },
            {
              "title": "Enter only the username and click on Sign Up button",
              "fullTitle": "Testing the signup page Enter only the username and click on Sign Up button",
              "timedOut": null,
              "duration": 538,
              "state": "passed",
              "speed": "fast",
              "pass": true,
              "fail": false,
              "pending": false,
              "context": null,
              "code": "cy.get(loginLogoutButton).click();\ncy.get(signupLink).click();\ncy.get(inputUsername).click().type(usernameUser);\ncy.get(signUpButton).click();\ncy.get(errorMessage).should('exist').and('be.visible');\ncy.get(errorMessage).contains('Il campo password non può essere vuoto');",
              "err": {},
              "uuid": "74c92ab9-ce87-4c1c-8b6c-15bfab331ba7",
              "parentUUID": "f3adfc54-4c82-48c8-ba82-dfd5ed411835",
              "isHook": false,
              "skipped": false
            },
            {
              "title": "Enter only the email and click on Sign Up button",
              "fullTitle": "Testing the signup page Enter only the email and click on Sign Up button",
              "timedOut": null,
              "duration": 695,
              "state": "passed",
              "speed": "fast",
              "pass": true,
              "fail": false,
              "pending": false,
              "context": null,
              "code": "cy.get(loginLogoutButton).click();\ncy.get(signupLink).click();\ncy.get(inputEmail).click().type(emailUser);\ncy.get(signUpButton).click();\ncy.get(errorMessage).should('exist').and('be.visible');\ncy.get(errorMessage).contains('Il campo username non può essere vuoto');",
              "err": {},
              "uuid": "b5e2b357-006e-4056-8bfc-1ac55ff5eb45",
              "parentUUID": "f3adfc54-4c82-48c8-ba82-dfd5ed411835",
              "isHook": false,
              "skipped": false
            },
            {
              "title": "Enter only the password and click on Sign Up button",
              "fullTitle": "Testing the signup page Enter only the password and click on Sign Up button",
              "timedOut": null,
              "duration": 684,
              "state": "passed",
              "speed": "fast",
              "pass": true,
              "fail": false,
              "pending": false,
              "context": null,
              "code": "cy.get(loginLogoutButton).click();\ncy.get(signupLink).click();\ncy.get(inputPassword).click().type(passwordUser);\ncy.get(signUpButton).click();\ncy.get(errorMessage).should('exist').and('be.visible');\ncy.get(errorMessage).contains('Il campo username non può essere vuoto');",
              "err": {},
              "uuid": "d2c31d30-488e-4555-8890-22b96df3f0c6",
              "parentUUID": "f3adfc54-4c82-48c8-ba82-dfd5ed411835",
              "isHook": false,
              "skipped": false
            },
            {
              "title": "Enter the username and the email and click on Sign Up button",
              "fullTitle": "Testing the signup page Enter the username and the email and click on Sign Up button",
              "timedOut": null,
              "duration": 942,
              "state": "passed",
              "speed": "fast",
              "pass": true,
              "fail": false,
              "pending": false,
              "context": null,
              "code": "cy.get(loginLogoutButton).click();\ncy.get(signupLink).click();\ncy.get(inputUsername).click().type(usernameUser);\ncy.get(inputEmail).click().type(emailUser);\ncy.get(signUpButton).click();\ncy.get(errorMessage).should('exist').and('be.visible');\ncy.get(errorMessage).contains('Il campo password non può essere vuoto');",
              "err": {},
              "uuid": "7c78d9fa-99c7-4d70-b376-e317da330e74",
              "parentUUID": "f3adfc54-4c82-48c8-ba82-dfd5ed411835",
              "isHook": false,
              "skipped": false
            },
            {
              "title": "Enter the username and the password and click on Sign Up button",
              "fullTitle": "Testing the signup page Enter the username and the password and click on Sign Up button",
              "timedOut": null,
              "duration": 910,
              "state": "passed",
              "speed": "fast",
              "pass": true,
              "fail": false,
              "pending": false,
              "context": null,
              "code": "cy.get(loginLogoutButton).click();\ncy.get(signupLink).click();\ncy.get(inputUsername).click().type(usernameUser);\ncy.get(inputPassword).click().type(passwordUser);\ncy.get(signUpButton).click();\ncy.get(errorMessage).should('exist').and('be.visible');\ncy.get(errorMessage).contains('Il campo email non può essere vuoto');",
              "err": {},
              "uuid": "00093faa-98a6-4e13-8ccb-b05547e109a2",
              "parentUUID": "f3adfc54-4c82-48c8-ba82-dfd5ed411835",
              "isHook": false,
              "skipped": false
            },
            {
              "title": "Enter the email and the password and click on Sign Up button",
              "fullTitle": "Testing the signup page Enter the email and the password and click on Sign Up button",
              "timedOut": null,
              "duration": 1149,
              "state": "passed",
              "speed": "fast",
              "pass": true,
              "fail": false,
              "pending": false,
              "context": null,
              "code": "cy.get(loginLogoutButton).click();\ncy.get(signupLink).click();\ncy.get(inputEmail).click().type(emailUser);\ncy.get(inputPassword).click().type(passwordUser);\ncy.get(signUpButton).click();\ncy.get(errorMessage).should('exist').and('be.visible');\ncy.get(errorMessage).contains('Il campo username non può essere vuoto');",
              "err": {},
              "uuid": "37d3126a-7cfc-4c93-a5ec-8d7ff9258f16",
              "parentUUID": "f3adfc54-4c82-48c8-ba82-dfd5ed411835",
              "isHook": false,
              "skipped": false
            },
            {
              "title": "Enter username,email,password and click on Sign Up button",
              "fullTitle": "Testing the signup page Enter username,email,password and click on Sign Up button",
              "timedOut": null,
              "duration": 1645,
              "state": "passed",
              "speed": "fast",
              "pass": true,
              "fail": false,
              "pending": false,
              "context": null,
              "code": "cy.get(loginLogoutButton).click();\ncy.get(signupLink).click();\ncy.get(inputUsername).click().type(usernameUser);\ncy.get(inputEmail).click().type(emailUser);\ncy.get(inputPassword).click().type(passwordUser);\ncy.get(signUpButton).click();\ncy.get(errorMessage).should('not.exist');\ncy.url().should('eq', 'http://localhost:3001/');\ncy.get(loginLogoutButton).should('have.text', 'Logout');",
              "err": {},
              "uuid": "cbc4f55c-14dc-4297-ba85-9eb5fcc9246a",
              "parentUUID": "f3adfc54-4c82-48c8-ba82-dfd5ed411835",
              "isHook": false,
              "skipped": false
            },
            {
              "title": "Enter an email already in use and click on Sign Up button",
              "fullTitle": "Testing the signup page Enter an email already in use and click on Sign Up button",
              "timedOut": null,
              "duration": 1434,
              "state": "passed",
              "speed": "fast",
              "pass": true,
              "fail": false,
              "pending": false,
              "context": null,
              "code": "cy.get(loginLogoutButton).click();\ncy.get(signupLink).click();\ncy.get(inputUsername).click().type(usernameUser);\ncy.get(inputEmail).click().type(emailUser);\ncy.get(inputPassword).click().type(passwordUser);\ncy.get(signUpButton).click();\ncy.get(errorMessage).should('exist').and('be.visible');\ncy.get(errorMessage).contains('E-mail gia in uso');",
              "err": {},
              "uuid": "bd854fa4-99f7-41fd-aacb-1c290a22e9f8",
              "parentUUID": "f3adfc54-4c82-48c8-ba82-dfd5ed411835",
              "isHook": false,
              "skipped": false
            },
            {
              "title": "Should delete an item from MongoDB",
              "fullTitle": "Testing the signup page Should delete an item from MongoDB",
              "timedOut": null,
              "duration": 317,
              "state": "passed",
              "speed": "fast",
              "pass": true,
              "fail": false,
              "pending": false,
              "context": null,
              "code": "cy.request({\n  method: 'DELETE',\n  url: 'http://localhost:4000/removeUser',\n  // URL dell'endpoint del tuo backend\n  body: {\n    email: emailUser\n  } // Passa l'email dell'utente da eliminare\n}).then(response => {\n  expect(response.status).to.eq(200); // Assicurati che l'eliminazione sia stata completata con successo\n});",
              "err": {},
              "uuid": "732f24ef-ef7e-47bd-9465-c32e493104fe",
              "parentUUID": "f3adfc54-4c82-48c8-ba82-dfd5ed411835",
              "isHook": false,
              "skipped": false
            }
          ],
          "suites": [],
          "passes": [
            "0b1fe523-7b2f-440a-8d92-7932db709e07",
            "cbcb99cc-a6fd-49bf-961e-545e6b26ee8f",
            "74c92ab9-ce87-4c1c-8b6c-15bfab331ba7",
            "b5e2b357-006e-4056-8bfc-1ac55ff5eb45",
            "d2c31d30-488e-4555-8890-22b96df3f0c6",
            "7c78d9fa-99c7-4d70-b376-e317da330e74",
            "00093faa-98a6-4e13-8ccb-b05547e109a2",
            "37d3126a-7cfc-4c93-a5ec-8d7ff9258f16",
            "cbc4f55c-14dc-4297-ba85-9eb5fcc9246a",
            "bd854fa4-99f7-41fd-aacb-1c290a22e9f8",
            "732f24ef-ef7e-47bd-9465-c32e493104fe"
          ],
          "failures": [
            "c3dbcfd7-b8a7-48b4-b9aa-052f5ea69b9a"
          ],
          "pending": [],
          "skipped": [],
          "duration": 14196,
          "root": false,
          "rootEmpty": false,
          "_timeout": 2000
        }
      ],
      "passes": [],
      "failures": [],
      "pending": [],
      "skipped": [],
      "duration": 0,
      "root": true,
      "rootEmpty": true,
      "_timeout": 2000
    }
  ],
  "meta": {
    "mocha": {
      "version": "7.0.1"
    },
    "mochawesome": {
      "options": {
        "quiet": false,
        "reportFilename": "mochawesome",
        "saveHtml": true,
        "saveJson": true,
        "consoleReporter": "spec",
        "useInlineDiffs": false,
        "code": true
      },
      "version": "7.1.3"
    },
    "marge": {
      "options": null,
      "version": "6.2.0"
    }
  }
}